빌드 시작: 2024-05-24 오전 9:39:42
     1>2 노드의 "D:\04.coding\InCabin_VSOD\InCabin_VSOD\InCabin_VSOD.vcxproj" 프로젝트(build 대상)입니다.
     1>InitializeBuildStatus:
         "AlwaysCreate"이(가) 지정되었기 때문에 "Debug\InCabin_VSOD.unsuccessfulbuild"을(를) 만들고 있습니다.
       ClCompile:
         C:\Program Files (x86)\Microsoft Visual Studio 10.0\VC\bin\CL.exe /c /ZI /nologo /W3 /WX- /Od /Oy- /D WIN32 /D _DEBUG /D _CONSOLE /D _UNICODE /D UNICODE /Gm /EHsc /RTC1 /MDd /GS /fp:precise /Zc:wchar_t /Zc:forScope /Fo"Debug\\" /Fd"Debug\vc100.pdb" /Gd /TC /analyze- /errorReport:prompt dss_main.c
         dss_main.c
       ManifestResourceCompile:
         C:\Program Files (x86)\Microsoft SDKs\Windows\v7.0A\bin\rc.exe /nologo /fo"Debug\InCabin_VSOD.exe.embed.manifest.res" Debug\InCabin_VSOD_manifest.rc 
       Link:
         C:\Program Files (x86)\Microsoft Visual Studio 10.0\VC\bin\link.exe /ERRORREPORT:PROMPT /OUT:"D:\04.coding\InCabin_VSOD\Debug\InCabin_VSOD.exe" /INCREMENTAL /NOLOGO kernel32.lib user32.lib gdi32.lib winspool.lib comdlg32.lib advapi32.lib shell32.lib ole32.lib oleaut32.lib uuid.lib odbc32.lib odbccp32.lib /MANIFEST /ManifestFile:"Debug\InCabin_VSOD.exe.intermediate.manifest" /MANIFESTUAC:"level='asInvoker' uiAccess='false'" /DEBUG /PDB:"D:\04.coding\InCabin_VSOD\Debug\InCabin_VSOD.pdb" /SUBSYSTEM:CONSOLE /TLBID:1 /DYNAMICBASE /NXCOMPAT /IMPLIB:"D:\04.coding\InCabin_VSOD\Debug\InCabin_VSOD.lib" /MACHINE:X86 Debug\InCabin_VSOD.exe.embed.manifest.res
         Debug\cli.obj
         Debug\DSPF_sp_maxidx.obj
         Debug\dss_data_path.obj
         Debug\dss_main.obj
         Debug\oddemo_heatmap.obj
         Debug\virtual_function.obj
         Debug\oddemo_decision.obj
         Debug\oddemo_feature.obj
       Manifest:
         C:\Program Files (x86)\Microsoft SDKs\Windows\v7.0A\bin\mt.exe /nologo /verbose /out:"Debug\InCabin_VSOD.exe.embed.manifest" /manifest Debug\InCabin_VSOD.exe.intermediate.manifest
         모든 출력이 최신 상태입니다.
       LinkEmbedManifest:
         모든 출력이 최신 상태입니다.
         InCabin_VSOD.vcxproj -> D:\04.coding\InCabin_VSOD\Debug\InCabin_VSOD.exe
       FinalizeBuildStatus:
         "Debug\InCabin_VSOD.unsuccessfulbuild" 파일을 삭제하고 있습니다.
         "Debug\InCabin_VSOD.lastbuildstate"에 연결(touching)하고 있습니다.
     1>"D:\04.coding\InCabin_VSOD\InCabin_VSOD\InCabin_VSOD.vcxproj" 프로젝트를 빌드했습니다(build 대상).

빌드했습니다.

경과 시간: 00:00:07.26
